\BOOKMARK [2][-]{subsection.0.1}{Enjeux de la qualit\351 de donn\351es}{}% 1
\BOOKMARK [1][-]{section.1}{D\351marche}{}% 2
\BOOKMARK [1][-]{section.2}{Une r\351ponse : le master data management}{}% 3
\BOOKMARK [2][-]{subsection.2.1}{Pr\351sentation du proc\351d\351 et objectifs}{section.2}% 4
\BOOKMARK [2][-]{subsection.2.2}{Donn\351es, de quoi parle t'on ?}{section.2}% 5
\BOOKMARK [3][-]{subsubsection.2.2.1}{Donn\351e Transactionnelle}{subsection.2.2}% 6
\BOOKMARK [3][-]{subsubsection.2.2.2}{Donn\351e Analytique}{subsection.2.2}% 7
\BOOKMARK [3][-]{subsubsection.2.2.3}{Donn\351es de r\351f\351rences, k\351sako ? }{subsection.2.2}% 8
\BOOKMARK [3][-]{subsubsection.2.2.4}{Pourquoi d\351finir un parc de donn\351es de r\351f\351rences de qualit\351 ?}{subsection.2.2}% 9
\BOOKMARK [1][-]{section.3}{Fonctionnement du MDM dans un syst\350me d'information d'entreprise}{}% 10
\BOOKMARK [2][-]{subsection.3.1}{Principe de fonctionnement}{section.3}% 11
\BOOKMARK [2][-]{subsection.3.2}{Gestion sp\351cifique selon le type de la donn\351e de r\351f\351rence et impact}{section.3}% 12
\BOOKMARK [3][-]{subsubsection.3.2.1}{tiers}{subsection.3.2}% 13
\BOOKMARK [3][-]{subsubsection.3.2.2}{produit}{subsection.3.2}% 14
\BOOKMARK [3][-]{subsubsection.3.2.3}{financi\350re}{subsection.3.2}% 15
\BOOKMARK [1][-]{section.4}{Positionnement au sein du SI de l'entreprise}{}% 16
\BOOKMARK [2][-]{subsubsection.4.0.4}{ Un peu d'histoire...}{section.4}% 17
\BOOKMARK [3][-]{subsubsection.4.0.5}{ EAI : Int\351gration d'application op\351rationnelles dans le SI d'entreprise}{subsubsection.4.0.4}% 18
\BOOKMARK [3][-]{subsubsection.4.0.6}{Limites du mod\350le EAI \046 SOA}{subsubsection.4.0.4}% 19
\BOOKMARK [1][-]{section.5}{Pr\351sentation des offres du march\351}{}% 20
\BOOKMARK [2][-]{subsection.5.1}{Oracle}{section.5}% 21
\BOOKMARK [2][-]{subsection.5.2}{IBM}{section.5}% 22
\BOOKMARK [1][-]{section.6}{Les challenges}{}% 23
\BOOKMARK [1][-]{section.7}{Conclusion}{}% 24
\BOOKMARK [1][-]{section.8}{Bibliographie}{}% 25
